09/12/2020 15:45:42	This log contains information about the import schema operation into project 'Hortas.db' on computer 'DESKTOP-G3LLR20' by user 'Marta Martinho'.
09/12/2020 15:45:43	Import of database schema has started.
09/12/2020 15:45:48	Gathering database credentials
09/12/2020 15:45:48	Gathering database options
09/12/2020 15:45:48	Gathering generic database scoped configuration option
09/12/2020 15:45:48	Gathering users
09/12/2020 15:45:48	Gathering roles
09/12/2020 15:45:48	Gathering application roles
09/12/2020 15:45:48	Gathering role memberships
09/12/2020 15:45:48	Gathering filegroups
09/12/2020 15:45:48	Gathering full-text catalogs
09/12/2020 15:45:48	Gathering assemblies
09/12/2020 15:45:48	Gathering certificates
09/12/2020 15:45:48	Gathering asymmetric keys
09/12/2020 15:45:48	Gathering symmetric keys
09/12/2020 15:45:48	Gathering encrypted symmetric keys
09/12/2020 15:45:48	Gathering schemas
09/12/2020 15:45:48	Gathering XML schema collections
09/12/2020 15:45:48	Gathering user-defined data types
09/12/2020 15:45:48	Gathering user-defined types
09/12/2020 15:45:48	Gathering table types
09/12/2020 15:45:48	Gathering unique keys for table types
09/12/2020 15:45:48	Gathering primary keys for table types
09/12/2020 15:45:48	Gathering indexes for table types
09/12/2020 15:45:48	Gathering check constraints for table types
09/12/2020 15:45:48	Gathering default constraints for table types
09/12/2020 15:45:48	Gathering partition functions
09/12/2020 15:45:48	Gathering partition schemes
09/12/2020 15:45:48	Gathering functions
09/12/2020 15:45:48	Gathering encrypted functions
09/12/2020 15:45:48	Gathering aggregates
09/12/2020 15:45:48	Gathering procedures
09/12/2020 15:45:48	Gathering encrypted procedures
09/12/2020 15:45:48	Gathering tables
09/12/2020 15:45:48	Gathering primary keys
09/12/2020 15:45:48	Gathering unique constraints
09/12/2020 15:45:48	Gathering foreign keys
09/12/2020 15:45:48	Gathering default constraints
09/12/2020 15:45:48	Gathering check constraints
09/12/2020 15:45:48	Gathering views
09/12/2020 15:45:48	Gathering encrypted views
09/12/2020 15:45:48	Gathering indexes
09/12/2020 15:45:48	Gathering statistics
09/12/2020 15:45:48	Gathering full-text index stoplists
09/12/2020 15:45:48	Gathering search property lists
09/12/2020 15:45:48	Gathering search properties
09/12/2020 15:45:48	Gathering full-text indexes
09/12/2020 15:45:48	Gathering column store indexes
09/12/2020 15:45:48	Gathering spatial indexes
09/12/2020 15:45:48	Gathering XML indexes
09/12/2020 15:45:48	Gathering Selective XML indexes
09/12/2020 15:45:48	Gathering encrypted triggers
09/12/2020 15:45:48	Gathering triggers
09/12/2020 15:45:48	Gathering encrypted and clr ddl triggers
09/12/2020 15:45:48	Gathering ddl triggers
09/12/2020 15:45:48	Creating edge constraints
09/12/2020 15:45:48	Gathering synonyms
09/12/2020 15:45:48	Gathering defaults
09/12/2020 15:45:48	Gathering data constraint uddt bindings
09/12/2020 15:45:48	Gathering rules
09/12/2020 15:45:48	Gathering data constraint uddt bindings
09/12/2020 15:45:48	Gathering message types
09/12/2020 15:45:48	Gathering queues
09/12/2020 15:45:48	Gathering contracts
09/12/2020 15:45:48	Gathering services
09/12/2020 15:45:48	Gathering event notifications
09/12/2020 15:45:48	Gathering remote service bindings
09/12/2020 15:45:48	Gathering broker priorities
09/12/2020 15:45:48	Gathering signatures
09/12/2020 15:45:48	Gathering data compression options
09/12/2020 15:45:48	Gathering sequence types
09/12/2020 15:45:48	Gathering security policies
09/12/2020 15:45:48	Gather column encryption keys
09/12/2020 15:45:48	Gathering column master keys
09/12/2020 15:45:48	Gathering external data sources
09/12/2020 15:45:48	Gathering external file formats
09/12/2020 15:45:48	Gathering external tables
09/12/2020 15:45:48	Gathering extended properties
09/12/2020 15:45:48	Gathering credentials
09/12/2020 15:45:48	Gathering logins
09/12/2020 15:45:48	Gathering server audits
09/12/2020 15:45:48	Scanning project for duplicate elements
09/12/2020 15:45:48	Finished duplicate element processing
09/12/2020 15:45:48	Finished importing database.
09/12/2020 15:45:48	A summary of the import was saved to the following location: C:\Users\Marta Martinho\Documents\Desenvolvimento\Teste3\Hortas\Hortas.db\Import Schema Logs\Hortas.db_20201209034542.log
09/12/2020 15:45:48	Click Finish to continue...
